Arguments: 
  C:\Program Files\nodejs\node.exe C:\Users\jcast\AppData\Roaming\npm\node_modules\yarn\bin\yarn.js add serveless-iam-roles-per-function

PATH: 
  C:\Program Files\WindowsApps\Microsoft.PowerShell_7.3.7.0_x64__8wekyb3d8bbwe;C:\Python311\Scripts\;C:\Python311\;C:\Program Files\Microsoft\jdk-11.0.16.101-hotspot\bin;C:\Windows\system32;C:\Windows;C:\Windows\System32\Wbem;C:\Windows\System32\WindowsPowerShell\v1.0\;C:\Windows\System32\OpenSSH\;C:\Program Files\Git\cmd;C:\Program Files\nodejs\;C:\ProgramData\chocolatey\bin;C:\Program Files\MySQL\MySQL Shell 8.0\bin\;C:\Users\jcast\AppData\Local\Microsoft\WindowsApps;C:\Users\jcast\AppData\Local\Programs\Microsoft VS Code\bin;C:\Program Files\JetBrains\PyCharm 2023.1\bin;;C:\Users\jcast\AppData\Roaming\npm;C:\Program Files\heroku\bin;C:\Users\jcast\AppData\Local\GitHubDesktop\bin

Yarn version: 
  1.22.19

Node version: 
  20.6.1

Platform: 
  win32 x64

Trace: 
  Error: https://registry.yarnpkg.com/serveless-iam-roles-per-function: Not found
      at params.callback [as _callback] (C:\Users\jcast\AppData\Roaming\npm\node_modules\yarn\lib\cli.js:66145:18)
      at self.callback (C:\Users\jcast\AppData\Roaming\npm\node_modules\yarn\lib\cli.js:140890:22)
      at Request.emit (node:events:514:28)
      at Request.<anonymous> (C:\Users\jcast\AppData\Roaming\npm\node_modules\yarn\lib\cli.js:141862:10)
      at Request.emit (node:events:514:28)
      at IncomingMessage.<anonymous> (C:\Users\jcast\AppData\Roaming\npm\node_modules\yarn\lib\cli.js:141784:12)
      at Object.onceWrapper (node:events:628:28)
      at IncomingMessage.emit (node:events:526:35)
      at endReadableNT (node:internal/streams/readable:1376:12)
      at process.processTicksAndRejections (node:internal/process/task_queues:82:21)

npm manifest: 
  {
    "name": "node_awslambda",
    "version": "1.0.0",
    "description": "",
    "main": "index.js",
    "scripts": {
      "test": "echo \"Error: no test specified\" && exit 1"
    },
    "author": "",
    "license": "ISC",
    "dependencies": {
      "aws-sdk": "^2.897.0",
      "serverless-iam-roles-per-function": "^3.1.0"
    },
    "keywords": []
  }

yarn manifest: 
  No manifest

Lockfile: 
  No lockfile
